<?xml version="1.0" encoding="UTF-8"?>
<!-- Generated by org.testng.reporters.JUnitXMLReporter -->
<testsuite ignored="0" hostname="DESKTOP-H0FB7QE" failures="0" tests="3" name="Default test" time="64.366" errors="0" timestamp="2021-05-23T23:00:03 IST">
  <testcase classname="JavaSessions.ExcelAutomationTestNG" name="regTest" time="5.037"/>
  <testcase classname="JavaSessions.ExcelAutomationTestNG" name="regTest" time="2.418"/>
  <testcase classname="JavaSessions.ExcelAutomationTestNG" name="regTest" time="2.298"/>
</testsuite> <!-- Default test -->
