<?xml version="1.0" encoding="UTF-8"?>
<testng-results ignored="0" total="3" passed="3" failed="0" skipped="0">
  <reporter-output>
  </reporter-output>
  <suite started-at="2021-05-23T22:58:58 IST" name="Default suite" finished-at="2021-05-23T23:00:03 IST" duration-ms="64366">
    <groups>
    </groups>
    <test started-at="2021-05-23T22:58:58 IST" name="Default test" finished-at="2021-05-23T23:00:03 IST" duration-ms="64366">
      <class name="JavaSessions.ExcelAutomationTestNG">
        <test-method is-config="true" signature="setUp()[pri:0, instance:JavaSessions.ExcelAutomationTestNG@48aaecc3]" started-at="2021-05-23T22:58:59 IST" name="setUp" finished-at="2021-05-23T22:59:22 IST" duration-ms="23236" status="PASS">
          <reporter-output>
          </reporter-output>
        </test-method> <!-- setUp -->
        <test-method signature="regTest(java.lang.String, java.lang.String, java.lang.String)[pri:0, instance:JavaSessions.ExcelAutomationTestNG@48aaecc3]" started-at="2021-05-23T22:59:22 IST" name="regTest" data-provider="getTestData" finished-at="2021-05-23T22:59:28 IST" duration-ms="5037" status="PASS">
          <params>
            <param index="0">
              <value>
                <![CDATA[Raju]]>
              </value>
            </param>
            <param index="1">
              <value>
                <![CDATA[ganapathi]]>
              </value>
            </param>
            <param index="2">
              <value>
                <![CDATA[leoganapathy5691@gmail.com]]>
              </value>
            </param>
          </params>
          <reporter-output>
          </reporter-output>
        </test-method> <!-- regTest -->
        <test-method is-config="true" signature="tesrDown()[pri:0, instance:JavaSessions.ExcelAutomationTestNG@48aaecc3]" started-at="2021-05-23T22:59:28 IST" name="tesrDown" finished-at="2021-05-23T22:59:29 IST" duration-ms="1187" status="PASS">
          <reporter-output>
          </reporter-output>
        </test-method> <!-- tesrDown -->
        <test-method is-config="true" signature="setUp()[pri:0, instance:JavaSessions.ExcelAutomationTestNG@48aaecc3]" started-at="2021-05-23T22:59:29 IST" name="setUp" finished-at="2021-05-23T22:59:44 IST" duration-ms="15161" status="PASS">
          <reporter-output>
          </reporter-output>
        </test-method> <!-- setUp -->
        <test-method signature="regTest(java.lang.String, java.lang.String, java.lang.String)[pri:0, instance:JavaSessions.ExcelAutomationTestNG@48aaecc3]" started-at="2021-05-23T22:59:44 IST" name="regTest" data-provider="getTestData" finished-at="2021-05-23T22:59:46 IST" duration-ms="2418" status="PASS">
          <params>
            <param index="0">
              <value>
                <![CDATA[Ramu]]>
              </value>
            </param>
            <param index="1">
              <value>
                <![CDATA[kumar]]>
              </value>
            </param>
            <param index="2">
              <value>
                <![CDATA[leoganapathy555@gmail.com]]>
              </value>
            </param>
          </params>
          <reporter-output>
          </reporter-output>
        </test-method> <!-- regTest -->
        <test-method is-config="true" signature="tesrDown()[pri:0, instance:JavaSessions.ExcelAutomationTestNG@48aaecc3]" started-at="2021-05-23T22:59:46 IST" name="tesrDown" finished-at="2021-05-23T22:59:47 IST" duration-ms="346" status="PASS">
          <reporter-output>
          </reporter-output>
        </test-method> <!-- tesrDown -->
        <test-method is-config="true" signature="setUp()[pri:0, instance:JavaSessions.ExcelAutomationTestNG@48aaecc3]" started-at="2021-05-23T22:59:47 IST" name="setUp" finished-at="2021-05-23T23:00:00 IST" duration-ms="12842" status="PASS">
          <reporter-output>
          </reporter-output>
        </test-method> <!-- setUp -->
        <test-method signature="regTest(java.lang.String, java.lang.String, java.lang.String)[pri:0, instance:JavaSessions.ExcelAutomationTestNG@48aaecc3]" started-at="2021-05-23T23:00:00 IST" name="regTest" data-provider="getTestData" finished-at="2021-05-23T23:00:02 IST" duration-ms="2298" status="PASS">
          <params>
            <param index="0">
              <value>
                <![CDATA[Rakesh]]>
              </value>
            </param>
            <param index="1">
              <value>
                <![CDATA[raj]]>
              </value>
            </param>
            <param index="2">
              <value>
                <![CDATA[leoganapathy6060@gmail.com]]>
              </value>
            </param>
          </params>
          <reporter-output>
          </reporter-output>
        </test-method> <!-- regTest -->
        <test-method is-config="true" signature="tesrDown()[pri:0, instance:JavaSessions.ExcelAutomationTestNG@48aaecc3]" started-at="2021-05-23T23:00:02 IST" name="tesrDown" finished-at="2021-05-23T23:00:03 IST" duration-ms="636" status="PASS">
          <reporter-output>
          </reporter-output>
        </test-method> <!-- tesrDown -->
      </class> <!-- JavaSessions.ExcelAutomationTestNG -->
    </test> <!-- Default test -->
  </suite> <!-- Default suite -->
</testng-results>
